Building DAG of jobs...
Using shell: /bin/bash
Provided cores: 1 (use --cores to define parallelism)
Rules claiming more threads will be scaled down.
Job counts:
	count	jobs
	1	final
	2	step_1
	2	step_2
	5

[Wed Mar  3 14:58:08 2021]
rule step_1:
    output: step_1/S2.txt
    jobid: 4
    wildcards: smp=S2

[Wed Mar  3 14:58:08 2021]
Finished job 4.
1 of 5 steps (20%) done

[Wed Mar  3 14:58:08 2021]
rule step_2:
    input: step_1/S2.txt
    output: step_2/S2.txt
    jobid: 2
    wildcards: smp=S2

[Wed Mar  3 14:58:08 2021]
Finished job 2.
2 of 5 steps (40%) done

[Wed Mar  3 14:58:08 2021]
rule step_1:
    output: step_1/S1.txt
    jobid: 3
    wildcards: smp=S1

[Wed Mar  3 14:58:08 2021]
Finished job 3.
3 of 5 steps (60%) done

[Wed Mar  3 14:58:08 2021]
rule step_2:
    input: step_1/S1.txt
    output: step_2/S1.txt
    jobid: 1
    wildcards: smp=S1

[Wed Mar  3 14:58:08 2021]
Finished job 1.
4 of 5 steps (80%) done

[Wed Mar  3 14:58:08 2021]
localrule final:
    input: step_2/S1.txt, step_2/S2.txt
    jobid: 0

[Wed Mar  3 14:58:08 2021]
Finished job 0.
5 of 5 steps (100%) done
Complete log: /Users/megane/Documents/GitHub/INLO/TP7/TP_Snakemake/example/.snakemake/log/2021-03-03T145808.549253.snakemake.log
